\BOOKMARK [1][-]{section.1}{Background}{}
\BOOKMARK [1][-]{section.2}{Objectives}{}
\BOOKMARK [2][-]{subsection.2.1}{ Goals }{section.2}
\BOOKMARK [2][-]{subsection.2.2}{ Constraints }{section.2}
\BOOKMARK [3][-]{subsubsection.2.2.1}{ Budget }{subsection.2.2}
\BOOKMARK [3][-]{subsubsection.2.2.2}{Security}{subsection.2.2}
\BOOKMARK [3][-]{subsubsection.2.2.3}{ Ease of Use }{subsection.2.2}
\BOOKMARK [3][-]{subsubsection.2.2.4}{ Powerful }{subsection.2.2}
\BOOKMARK [3][-]{subsubsection.2.2.5}{ Reliability }{subsection.2.2}
\BOOKMARK [1][-]{section.3}{Methodology}{}
\BOOKMARK [1][-]{section.4}{Project Tasks and Resources}{}
\BOOKMARK [2][-]{subsection.4.1}{ Collaborative Tasks }{section.4}
\BOOKMARK [2][-]{subsection.4.2}{ Software Tasks: Kartik Thakore }{section.4}
\BOOKMARK [3][-]{subsubsection.4.2.1}{Reporting Software}{subsection.4.2}
\BOOKMARK [3][-]{subsubsection.4.2.2}{Rule Engine and Feedback Gathering System}{subsection.4.2}
\BOOKMARK [3][-]{subsubsection.4.2.3}{Core Framework and Interface}{subsection.4.2}
\BOOKMARK [2][-]{subsection.4.3}{ Electrical Tasks: Parth Champaneri }{section.4}
\BOOKMARK [3][-]{subsubsection.4.3.1}{Network Design and Encryption:}{subsection.4.3}
\BOOKMARK [3][-]{subsubsection.4.3.2}{Smart Access Applications:}{subsection.4.3}
\BOOKMARK [3][-]{subsubsection.4.3.3}{E-Signature Pad:}{subsection.4.3}
\BOOKMARK [3][-]{subsubsection.4.3.4}{Smart Phone Applications}{subsection.4.3}
\BOOKMARK [2][-]{subsection.4.4}{Part Lists}{section.4}
\BOOKMARK [3][-]{subsubsection.4.4.1}{ Hardware Components }{subsection.4.4}
\BOOKMARK [3][-]{subsubsection.4.4.2}{ Software Components }{subsection.4.4}
\BOOKMARK [1][-]{section.5}{Deliverables}{}
\BOOKMARK [1][-]{section.6}{Project Plan}{}
\BOOKMARK [2][-]{subsection.6.1}{Gantt Chart}{section.6}
\BOOKMARK [1][-]{section.7}{Advisor}{}
\BOOKMARK [1][-]{section.8}{Grade}{}
